{"environment":"development","level":"info","message":"✅ Database connection established successfully","service":"prof-sale-api","timestamp":"2025-08-16T16:41:08.888Z","version":"1.0.0"}
{"environment":"development","level":"info","message":"✅ Database connection established successfully","service":"prof-sale-api","timestamp":"2025-08-16T16:44:36.925Z","version":"1.0.0"}
{"environment":"development","level":"info","message":"✅ Database connection established successfully","service":"prof-sale-api","timestamp":"2025-08-16T16:46:15.807Z","version":"1.0.0"}
{"environment":"development","level":"info","message":"✅ Database connection established successfully","service":"prof-sale-api","timestamp":"2025-08-16T16:47:21.641Z","version":"1.0.0"}
{"environment":"development","level":"info","message":"✅ Database connection established successfully","service":"prof-sale-api","timestamp":"2025-08-16T16:47:39.985Z","version":"1.0.0"}
{"environment":"development","level":"info","message":"✅ Database connection established successfully","service":"prof-sale-api","timestamp":"2025-08-16T16:49:51.373Z","version":"1.0.0"}
{"environment":"development","level":"info","message":"✅ Database connection established successfully","service":"prof-sale-api","timestamp":"2025-08-16T16:50:53.043Z","version":"1.0.0"}
{"environment":"development","level":"info","message":"✅ Database connection established successfully","service":"prof-sale-api","timestamp":"2025-08-16T16:51:38.945Z","version":"1.0.0"}
{"environment":"development","level":"info","message":"Database connected successfully","service":"prof-sale-api","timestamp":"2025-08-16T16:51:38.963Z","version":"1.0.0"}
{"environment":"development","level":"info","message":"✅ Database connection established successfully","service":"prof-sale-api","timestamp":"2025-08-16T16:52:12.034Z","version":"1.0.0"}
{"environment":"development","level":"info","message":"Database connected successfully","service":"prof-sale-api","timestamp":"2025-08-16T16:52:12.038Z","version":"1.0.0"}
{"environment":"development","level":"info","message":"🚀 Prof Sale API server running on port 5000","service":"prof-sale-api","timestamp":"2025-08-16T16:52:12.041Z","version":"1.0.0"}
{"environment":"development","level":"info","message":"📊 Environment: development","service":"prof-sale-api","timestamp":"2025-08-16T16:52:12.042Z","version":"1.0.0"}
{"environment":"development","level":"info","message":"🔗 Health check: http://localhost:5000/health","service":"prof-sale-api","timestamp":"2025-08-16T16:52:12.042Z","version":"1.0.0"}
{"environment":"development","level":"info","message":"✅ Database connection established successfully","service":"prof-sale-api","timestamp":"2025-08-16T16:53:18.369Z","version":"1.0.0"}
{"environment":"development","level":"info","message":"Database connected successfully","service":"prof-sale-api","timestamp":"2025-08-16T16:53:18.373Z","version":"1.0.0"}
{"environment":"development","level":"info","message":"🚀 Prof Sale API server running on port 5000","service":"prof-sale-api","timestamp":"2025-08-16T16:53:18.376Z","version":"1.0.0"}
{"environment":"development","level":"info","message":"📊 Environment: development","service":"prof-sale-api","timestamp":"2025-08-16T16:53:18.378Z","version":"1.0.0"}
{"environment":"development","level":"info","message":"🔗 Health check: http://localhost:5000/health","service":"prof-sale-api","timestamp":"2025-08-16T16:53:18.379Z","version":"1.0.0"}
{"environment":"development","level":"info","message":"✅ Database connection established successfully","service":"prof-sale-api","timestamp":"2025-08-16T16:53:37.092Z","version":"1.0.0"}
{"environment":"development","level":"info","message":"Database connected successfully","service":"prof-sale-api","timestamp":"2025-08-16T16:53:37.096Z","version":"1.0.0"}
{"environment":"development","level":"info","message":"🚀 Prof Sale API server running on port 5000","service":"prof-sale-api","timestamp":"2025-08-16T16:53:37.102Z","version":"1.0.0"}
{"environment":"development","level":"info","message":"📊 Environment: development","service":"prof-sale-api","timestamp":"2025-08-16T16:53:37.103Z","version":"1.0.0"}
{"environment":"development","level":"info","message":"🔗 Health check: http://localhost:5000/health","service":"prof-sale-api","timestamp":"2025-08-16T16:53:37.104Z","version":"1.0.0"}
{"environment":"development","level":"info","message":"✅ Database connection established successfully","service":"prof-sale-api","timestamp":"2025-08-16T16:54:08.275Z","version":"1.0.0"}
{"environment":"development","level":"info","message":"Database connected successfully","service":"prof-sale-api","timestamp":"2025-08-16T16:54:08.281Z","version":"1.0.0"}
{"environment":"development","level":"info","message":"🚀 Prof Sale API server running on port 5000","service":"prof-sale-api","timestamp":"2025-08-16T16:54:08.284Z","version":"1.0.0"}
{"environment":"development","level":"info","message":"📊 Environment: development","service":"prof-sale-api","timestamp":"2025-08-16T16:54:08.285Z","version":"1.0.0"}
{"environment":"development","level":"info","message":"🔗 Health check: http://localhost:5000/health","service":"prof-sale-api","timestamp":"2025-08-16T16:54:08.285Z","version":"1.0.0"}
{"environment":"development","level":"info","message":"✅ Database connection established successfully","service":"prof-sale-api","timestamp":"2025-08-16T16:54:44.814Z","version":"1.0.0"}
{"environment":"development","level":"info","message":"Database connected successfully","service":"prof-sale-api","timestamp":"2025-08-16T16:54:44.818Z","version":"1.0.0"}
{"environment":"development","level":"info","message":"🚀 Prof Sale API server running on port 5000","service":"prof-sale-api","timestamp":"2025-08-16T16:54:44.823Z","version":"1.0.0"}
{"environment":"development","level":"info","message":"📊 Environment: development","service":"prof-sale-api","timestamp":"2025-08-16T16:54:44.824Z","version":"1.0.0"}
{"environment":"development","level":"info","message":"🔗 Health check: http://localhost:5000/health","service":"prof-sale-api","timestamp":"2025-08-16T16:54:44.824Z","version":"1.0.0"}
{"environment":"development","level":"info","message":"✅ Database connection established successfully","service":"prof-sale-api","timestamp":"2025-08-16T16:55:29.192Z","version":"1.0.0"}
{"environment":"development","level":"info","message":"Database connected successfully","service":"prof-sale-api","timestamp":"2025-08-16T16:55:29.196Z","version":"1.0.0"}
{"environment":"development","level":"info","message":"🚀 Prof Sale API server running on port 5000","service":"prof-sale-api","timestamp":"2025-08-16T16:55:29.200Z","version":"1.0.0"}
{"environment":"development","level":"info","message":"📊 Environment: development","service":"prof-sale-api","timestamp":"2025-08-16T16:55:29.201Z","version":"1.0.0"}
{"environment":"development","level":"info","message":"🔗 Health check: http://localhost:5000/health","service":"prof-sale-api","timestamp":"2025-08-16T16:55:29.201Z","version":"1.0.0"}
{"environment":"development","level":"info","message":"✅ Database connection established successfully","service":"prof-sale-api","timestamp":"2025-08-16T16:55:49.856Z","version":"1.0.0"}
{"environment":"development","level":"info","message":"Database connected successfully","service":"prof-sale-api","timestamp":"2025-08-16T16:55:49.862Z","version":"1.0.0"}
{"environment":"development","level":"info","message":"🚀 Prof Sale API server running on port 5000","service":"prof-sale-api","timestamp":"2025-08-16T16:55:49.866Z","version":"1.0.0"}
{"environment":"development","level":"info","message":"📊 Environment: development","service":"prof-sale-api","timestamp":"2025-08-16T16:55:49.866Z","version":"1.0.0"}
{"environment":"development","level":"info","message":"🔗 Health check: http://localhost:5000/health","service":"prof-sale-api","timestamp":"2025-08-16T16:55:49.867Z","version":"1.0.0"}
{"environment":"development","level":"info","message":"✅ Database connection established successfully","service":"prof-sale-api","timestamp":"2025-08-16T16:56:00.927Z","version":"1.0.0"}
{"environment":"development","level":"info","message":"Database connected successfully","service":"prof-sale-api","timestamp":"2025-08-16T16:56:00.931Z","version":"1.0.0"}
{"environment":"development","level":"info","message":"🚀 Prof Sale API server running on port 5000","service":"prof-sale-api","timestamp":"2025-08-16T16:56:00.934Z","version":"1.0.0"}
{"environment":"development","level":"info","message":"📊 Environment: development","service":"prof-sale-api","timestamp":"2025-08-16T16:56:00.935Z","version":"1.0.0"}
{"environment":"development","level":"info","message":"🔗 Health check: http://localhost:5000/health","service":"prof-sale-api","timestamp":"2025-08-16T16:56:00.935Z","version":"1.0.0"}
{"code":"ECONNREFUSED","environment":"development","fatal":true,"level":"error","message":"❌ Database connection failed:","service":"prof-sale-api","stack":"AggregateError\n    at internalConnectMultiple (node:net:1134:18)\n    at afterConnectMultiple (node:net:1715:7)","timestamp":"2025-08-16T17:01:29.561Z","version":"1.0.0"}
{"environment":"development","level":"info","message":"✅ Database connection established successfully","service":"prof-sale-api","timestamp":"2025-08-16T17:02:38.664Z","version":"1.0.0"}
{"environment":"development","level":"info","message":"Database connected successfully","service":"prof-sale-api","timestamp":"2025-08-16T17:02:38.669Z","version":"1.0.0"}
{"environment":"development","level":"info","message":"🚀 Prof Sale API server running on port 5000","service":"prof-sale-api","timestamp":"2025-08-16T17:02:38.678Z","version":"1.0.0"}
{"environment":"development","level":"info","message":"📊 Environment: development","service":"prof-sale-api","timestamp":"2025-08-16T17:02:38.680Z","version":"1.0.0"}
{"environment":"development","level":"info","message":"🔗 Health check: http://localhost:5000/health","service":"prof-sale-api","timestamp":"2025-08-16T17:02:38.682Z","version":"1.0.0"}
{"environment":"development","level":"info","message":"✅ Database connection established successfully","service":"prof-sale-api","timestamp":"2025-08-16T19:44:01.856Z","version":"1.0.0"}
{"environment":"development","level":"info","message":"Database connected successfully","service":"prof-sale-api","timestamp":"2025-08-16T19:44:01.871Z","version":"1.0.0"}
{"environment":"development","level":"info","message":"🚀 Prof Sale API server running on port 5000","service":"prof-sale-api","timestamp":"2025-08-16T19:44:01.889Z","version":"1.0.0"}
{"environment":"development","level":"info","message":"📊 Environment: development","service":"prof-sale-api","timestamp":"2025-08-16T19:44:01.892Z","version":"1.0.0"}
{"environment":"development","level":"info","message":"🔗 Health check: http://localhost:5000/health","service":"prof-sale-api","timestamp":"2025-08-16T19:44:01.894Z","version":"1.0.0"}
{"environment":"development","level":"info","message":"✅ Database connection established successfully","service":"prof-sale-api","timestamp":"2025-08-16T19:45:05.338Z","version":"1.0.0"}
{"environment":"development","level":"info","message":"Database connected successfully","service":"prof-sale-api","timestamp":"2025-08-16T19:45:05.359Z","version":"1.0.0"}
{"environment":"development","level":"info","message":"🚀 Prof Sale API server running on port 5000","service":"prof-sale-api","timestamp":"2025-08-16T19:45:05.367Z","version":"1.0.0"}
{"environment":"development","level":"info","message":"📊 Environment: development","service":"prof-sale-api","timestamp":"2025-08-16T19:45:05.369Z","version":"1.0.0"}
{"environment":"development","level":"info","message":"🔗 Health check: http://localhost:5000/health","service":"prof-sale-api","timestamp":"2025-08-16T19:45:05.370Z","version":"1.0.0"}
{"environment":"development","level":"info","message":"✅ Database connection established successfully","service":"prof-sale-api","timestamp":"2025-08-16T19:45:47.913Z","version":"1.0.0"}
{"environment":"development","level":"info","message":"Database connected successfully","service":"prof-sale-api","timestamp":"2025-08-16T19:45:47.926Z","version":"1.0.0"}
{"environment":"development","level":"info","message":"🚀 Prof Sale API server running on port 5000","service":"prof-sale-api","timestamp":"2025-08-16T19:45:47.937Z","version":"1.0.0"}
{"environment":"development","level":"info","message":"📊 Environment: development","service":"prof-sale-api","timestamp":"2025-08-16T19:45:47.940Z","version":"1.0.0"}
{"environment":"development","level":"info","message":"🔗 Health check: http://localhost:5000/health","service":"prof-sale-api","timestamp":"2025-08-16T19:45:47.941Z","version":"1.0.0"}
{"environment":"development","level":"info","message":"✅ Database connection established successfully","service":"prof-sale-api","timestamp":"2025-08-16T19:46:18.479Z","version":"1.0.0"}
{"environment":"development","level":"info","message":"Database connected successfully","service":"prof-sale-api","timestamp":"2025-08-16T19:46:18.492Z","version":"1.0.0"}
{"environment":"development","level":"info","message":"🚀 Prof Sale API server running on port 5000","service":"prof-sale-api","timestamp":"2025-08-16T19:46:18.509Z","version":"1.0.0"}
{"environment":"development","level":"info","message":"📊 Environment: development","service":"prof-sale-api","timestamp":"2025-08-16T19:46:18.515Z","version":"1.0.0"}
{"environment":"development","level":"info","message":"🔗 Health check: http://localhost:5000/health","service":"prof-sale-api","timestamp":"2025-08-16T19:46:18.520Z","version":"1.0.0"}
{"environment":"development","level":"info","message":"✅ Database connection established successfully","service":"prof-sale-api","timestamp":"2025-08-16T19:46:53.450Z","version":"1.0.0"}
{"environment":"development","level":"info","message":"Database connected successfully","service":"prof-sale-api","timestamp":"2025-08-16T19:46:53.464Z","version":"1.0.0"}
{"environment":"development","level":"info","message":"🚀 Prof Sale API server running on port 5000","service":"prof-sale-api","timestamp":"2025-08-16T19:46:53.474Z","version":"1.0.0"}
{"environment":"development","level":"info","message":"📊 Environment: development","service":"prof-sale-api","timestamp":"2025-08-16T19:46:53.475Z","version":"1.0.0"}
{"environment":"development","level":"info","message":"🔗 Health check: http://localhost:5000/health","service":"prof-sale-api","timestamp":"2025-08-16T19:46:53.476Z","version":"1.0.0"}
{"environment":"development","level":"info","message":"✅ Database connection established successfully","service":"prof-sale-api","timestamp":"2025-08-16T19:50:42.605Z","version":"1.0.0"}
{"environment":"development","level":"info","message":"Database connected successfully","service":"prof-sale-api","timestamp":"2025-08-16T19:50:42.615Z","version":"1.0.0"}
{"environment":"development","level":"info","message":"🚀 Prof Sale API server running on port 5000","service":"prof-sale-api","timestamp":"2025-08-16T19:50:42.624Z","version":"1.0.0"}
{"environment":"development","level":"info","message":"📊 Environment: development","service":"prof-sale-api","timestamp":"2025-08-16T19:50:42.628Z","version":"1.0.0"}
{"environment":"development","level":"info","message":"🔗 Health check: http://localhost:5000/health","service":"prof-sale-api","timestamp":"2025-08-16T19:50:42.630Z","version":"1.0.0"}
{"environment":"development","level":"info","message":"✅ Database connection established successfully","service":"prof-sale-api","timestamp":"2025-08-16T19:52:46.371Z","version":"1.0.0"}
{"environment":"development","level":"info","message":"Database connected successfully","service":"prof-sale-api","timestamp":"2025-08-16T19:52:46.379Z","version":"1.0.0"}
{"environment":"development","level":"info","message":"🚀 Prof Sale API server running on port 5000","service":"prof-sale-api","timestamp":"2025-08-16T19:52:46.387Z","version":"1.0.0"}
{"environment":"development","level":"info","message":"📊 Environment: development","service":"prof-sale-api","timestamp":"2025-08-16T19:52:46.389Z","version":"1.0.0"}
{"environment":"development","level":"info","message":"🔗 Health check: http://localhost:5000/health","service":"prof-sale-api","timestamp":"2025-08-16T19:52:46.390Z","version":"1.0.0"}
{"environment":"development","level":"info","message":"✅ Database connection established successfully","service":"prof-sale-api","timestamp":"2025-08-16T20:05:21.733Z","version":"1.0.0"}
{"level":"info","message":"✅ Database connection established successfully","service":"prof-sale-api","timestamp":"2025-08-16T20:05:55.849Z"}
{"expiredAt":"2025-12-29T05:47:35.000Z","level":"error","message":"Authentication error: jwt expired","name":"TokenExpiredError","service":"prof-sale-api","stack":"TokenExpiredError: jwt expired\n    at D:\\DangoTechSolutions\\profsale\\backend\\node_modules\\jsonwebtoken\\verify.js:190:21\n    at getSecret (D:\\DangoTechSolutions\\profsale\\backend\\node_modules\\jsonwebtoken\\verify.js:97:14)\n    at Object.module.exports [as verify] (D:\\DangoTechSolutions\\profsale\\backend\\node_modules\\jsonwebtoken\\verify.js:101:10)\n    at authenticateToken (D:\\DangoTechSolutions\\profsale\\backend\\src\\middleware\\auth.ts:57:25)\n    at Layer.handle [as handle_request] (D:\\DangoTechSolutions\\profsale\\backend\\node_modules\\express\\lib\\router\\layer.js:95:5)\n    at next (D:\\DangoTechSolutions\\profsale\\backend\\node_modules\\express\\lib\\router\\route.js:149:13)\n    at Route.dispatch (D:\\DangoTechSolutions\\profsale\\backend\\node_modules\\express\\lib\\router\\route.js:119:3)\n    at Layer.handle [as handle_request] (D:\\DangoTechSolutions\\profsale\\backend\\node_modules\\express\\lib\\router\\layer.js:95:5)\n    at D:\\DangoTechSolutions\\profsale\\backend\\node_modules\\express\\lib\\router\\index.js:284:15\n    at Function.process_params (D:\\DangoTechSolutions\\profsale\\backend\\node_modules\\express\\lib\\router\\index.js:346:12)","timestamp":"2025-12-29T19:13:31.305Z"}
{"expiredAt":"2025-12-29T05:47:35.000Z","level":"error","message":"Authentication error: jwt expired","name":"TokenExpiredError","service":"prof-sale-api","stack":"TokenExpiredError: jwt expired\n    at D:\\DangoTechSolutions\\profsale\\backend\\node_modules\\jsonwebtoken\\verify.js:190:21\n    at getSecret (D:\\DangoTechSolutions\\profsale\\backend\\node_modules\\jsonwebtoken\\verify.js:97:14)\n    at Object.module.exports [as verify] (D:\\DangoTechSolutions\\profsale\\backend\\node_modules\\jsonwebtoken\\verify.js:101:10)\n    at authenticateToken (D:\\DangoTechSolutions\\profsale\\backend\\src\\middleware\\auth.ts:57:25)\n    at Layer.handle [as handle_request] (D:\\DangoTechSolutions\\profsale\\backend\\node_modules\\express\\lib\\router\\layer.js:95:5)\n    at next (D:\\DangoTechSolutions\\profsale\\backend\\node_modules\\express\\lib\\router\\route.js:149:13)\n    at Route.dispatch (D:\\DangoTechSolutions\\profsale\\backend\\node_modules\\express\\lib\\router\\route.js:119:3)\n    at Layer.handle [as handle_request] (D:\\DangoTechSolutions\\profsale\\backend\\node_modules\\express\\lib\\router\\layer.js:95:5)\n    at D:\\DangoTechSolutions\\profsale\\backend\\node_modules\\express\\lib\\router\\index.js:284:15\n    at Function.process_params (D:\\DangoTechSolutions\\profsale\\backend\\node_modules\\express\\lib\\router\\index.js:346:12)","timestamp":"2025-12-29T19:13:35.515Z"}
{"expiredAt":"2025-12-29T05:47:35.000Z","level":"error","message":"Authentication error: jwt expired","name":"TokenExpiredError","service":"prof-sale-api","stack":"TokenExpiredError: jwt expired\n    at D:\\DangoTechSolutions\\profsale\\backend\\node_modules\\jsonwebtoken\\verify.js:190:21\n    at getSecret (D:\\DangoTechSolutions\\profsale\\backend\\node_modules\\jsonwebtoken\\verify.js:97:14)\n    at Object.module.exports [as verify] (D:\\DangoTechSolutions\\profsale\\backend\\node_modules\\jsonwebtoken\\verify.js:101:10)\n    at authenticateToken (D:\\DangoTechSolutions\\profsale\\backend\\src\\middleware\\auth.ts:57:25)\n    at Layer.handle [as handle_request] (D:\\DangoTechSolutions\\profsale\\backend\\node_modules\\express\\lib\\router\\layer.js:95:5)\n    at next (D:\\DangoTechSolutions\\profsale\\backend\\node_modules\\express\\lib\\router\\route.js:149:13)\n    at Route.dispatch (D:\\DangoTechSolutions\\profsale\\backend\\node_modules\\express\\lib\\router\\route.js:119:3)\n    at Layer.handle [as handle_request] (D:\\DangoTechSolutions\\profsale\\backend\\node_modules\\express\\lib\\router\\layer.js:95:5)\n    at D:\\DangoTechSolutions\\profsale\\backend\\node_modules\\express\\lib\\router\\index.js:284:15\n    at Function.process_params (D:\\DangoTechSolutions\\profsale\\backend\\node_modules\\express\\lib\\router\\index.js:346:12)","timestamp":"2025-12-29T19:14:07.942Z"}
{"expiredAt":"2025-12-29T05:47:35.000Z","level":"error","message":"Authentication error: jwt expired","name":"TokenExpiredError","service":"prof-sale-api","stack":"TokenExpiredError: jwt expired\n    at D:\\DangoTechSolutions\\profsale\\backend\\node_modules\\jsonwebtoken\\verify.js:190:21\n    at getSecret (D:\\DangoTechSolutions\\profsale\\backend\\node_modules\\jsonwebtoken\\verify.js:97:14)\n    at Object.module.exports [as verify] (D:\\DangoTechSolutions\\profsale\\backend\\node_modules\\jsonwebtoken\\verify.js:101:10)\n    at authenticateToken (D:\\DangoTechSolutions\\profsale\\backend\\src\\middleware\\auth.ts:57:25)\n    at Layer.handle [as handle_request] (D:\\DangoTechSolutions\\profsale\\backend\\node_modules\\express\\lib\\router\\layer.js:95:5)\n    at next (D:\\DangoTechSolutions\\profsale\\backend\\node_modules\\express\\lib\\router\\route.js:149:13)\n    at Route.dispatch (D:\\DangoTechSolutions\\profsale\\backend\\node_modules\\express\\lib\\router\\route.js:119:3)\n    at Layer.handle [as handle_request] (D:\\DangoTechSolutions\\profsale\\backend\\node_modules\\express\\lib\\router\\layer.js:95:5)\n    at D:\\DangoTechSolutions\\profsale\\backend\\node_modules\\express\\lib\\router\\index.js:284:15\n    at Function.process_params (D:\\DangoTechSolutions\\profsale\\backend\\node_modules\\express\\lib\\router\\index.js:346:12)","timestamp":"2025-12-29T19:14:35.679Z"}
{"expiredAt":"2025-12-29T05:47:35.000Z","level":"error","message":"Authentication error: jwt expired","name":"TokenExpiredError","service":"prof-sale-api","stack":"TokenExpiredError: jwt expired\n    at D:\\DangoTechSolutions\\profsale\\backend\\node_modules\\jsonwebtoken\\verify.js:190:21\n    at getSecret (D:\\DangoTechSolutions\\profsale\\backend\\node_modules\\jsonwebtoken\\verify.js:97:14)\n    at Object.module.exports [as verify] (D:\\DangoTechSolutions\\profsale\\backend\\node_modules\\jsonwebtoken\\verify.js:101:10)\n    at authenticateToken (D:\\DangoTechSolutions\\profsale\\backend\\src\\middleware\\auth.ts:57:25)\n    at Layer.handle [as handle_request] (D:\\DangoTechSolutions\\profsale\\backend\\node_modules\\express\\lib\\router\\layer.js:95:5)\n    at next (D:\\DangoTechSolutions\\profsale\\backend\\node_modules\\express\\lib\\router\\route.js:149:13)\n    at Route.dispatch (D:\\DangoTechSolutions\\profsale\\backend\\node_modules\\express\\lib\\router\\route.js:119:3)\n    at Layer.handle [as handle_request] (D:\\DangoTechSolutions\\profsale\\backend\\node_modules\\express\\lib\\router\\layer.js:95:5)\n    at D:\\DangoTechSolutions\\profsale\\backend\\node_modules\\express\\lib\\router\\index.js:284:15\n    at Function.process_params (D:\\DangoTechSolutions\\profsale\\backend\\node_modules\\express\\lib\\router\\index.js:346:12)","timestamp":"2025-12-29T19:15:10.510Z"}
{"expiredAt":"2025-12-29T05:47:35.000Z","level":"error","message":"Authentication error: jwt expired","name":"TokenExpiredError","service":"prof-sale-api","stack":"TokenExpiredError: jwt expired\n    at D:\\DangoTechSolutions\\profsale\\backend\\node_modules\\jsonwebtoken\\verify.js:190:21\n    at getSecret (D:\\DangoTechSolutions\\profsale\\backend\\node_modules\\jsonwebtoken\\verify.js:97:14)\n    at Object.module.exports [as verify] (D:\\DangoTechSolutions\\profsale\\backend\\node_modules\\jsonwebtoken\\verify.js:101:10)\n    at authenticateToken (D:\\DangoTechSolutions\\profsale\\backend\\src\\middleware\\auth.ts:57:25)\n    at Layer.handle [as handle_request] (D:\\DangoTechSolutions\\profsale\\backend\\node_modules\\express\\lib\\router\\layer.js:95:5)\n    at next (D:\\DangoTechSolutions\\profsale\\backend\\node_modules\\express\\lib\\router\\route.js:149:13)\n    at Route.dispatch (D:\\DangoTechSolutions\\profsale\\backend\\node_modules\\express\\lib\\router\\route.js:119:3)\n    at Layer.handle [as handle_request] (D:\\DangoTechSolutions\\profsale\\backend\\node_modules\\express\\lib\\router\\layer.js:95:5)\n    at D:\\DangoTechSolutions\\profsale\\backend\\node_modules\\express\\lib\\router\\index.js:284:15\n    at Function.process_params (D:\\DangoTechSolutions\\profsale\\backend\\node_modules\\express\\lib\\router\\index.js:346:12)","timestamp":"2025-12-29T19:17:08.358Z"}
